2024-03-27 10:12:36.047 [info] Added views:workbench.panel.markers.view in workbench.panel.markers
2024-03-27 10:12:36.047 [info] Added views:workbench.panel.output in workbench.panel.output
2024-03-27 10:12:36.047 [info] Added views:terminal in terminal
2024-03-27 10:12:36.047 [info] Added views:outline in workbench.view.explorer
2024-03-27 10:12:36.047 [info] Added views:workbench.scm in workbench.view.scm
2024-03-27 10:12:36.047 [info] Added views:workbench.view.search in workbench.view.search
2024-03-27 10:12:36.047 [info] Added views:timeline in workbench.view.explorer
2024-03-27 10:12:36.047 [info] Added views:workbench.explorer.emptyView in workbench.view.explorer
2024-03-27 10:12:36.213 [info] Added views:workbench.debug.variablesView,workbench.debug.watchExpressionsView,workbench.debug.callStackView,workbench.debug.breakPointsView in workbench.view.debug
2024-03-27 10:12:39.227 [info] Added views:dockerContainers,dockerImages,dockerRegistries,dockerNetworks,dockerVolumes,vscode-docker.views.dockerContexts,vscode-docker.views.help in workbench.view.extension.dockerView
2024-03-27 10:12:39.282 [info] Added views:~remote.forwardedPorts in ~remote.forwardedPortsContainer
2024-03-27 10:12:40.248 [info] Added views:workbench.panel.repl.view in workbench.panel.repl
2024-03-27 10:12:40.248 [info] Removed views:workbench.debug.breakPointsView,workbench.debug.callStackView,workbench.debug.watchExpressionsView,workbench.debug.variablesView from workbench.view.debug
2024-03-27 10:12:40.248 [info] Added views:workbench.debug.welcome in workbench.view.debug
2024-03-27 10:12:49.557 [info] Added views:workbench.panel.markers.view in workbench.panel.markers
2024-03-27 10:12:49.557 [info] Added views:workbench.panel.output in workbench.panel.output
2024-03-27 10:12:49.557 [info] Added views:terminal in terminal
2024-03-27 10:12:49.557 [info] Added views:outline in workbench.view.explorer
2024-03-27 10:12:49.557 [info] Added views:workbench.scm in workbench.view.scm
2024-03-27 10:12:49.557 [info] Added views:workbench.view.search in workbench.view.search
2024-03-27 10:12:49.557 [info] Added views:timeline in workbench.view.explorer
2024-03-27 10:12:49.557 [info] Added views:workbench.explorer.fileView in workbench.view.explorer
2024-03-27 10:12:50.049 [info] Added views:dockerContainers,dockerImages,dockerRegistries,dockerNetworks,dockerVolumes,vscode-docker.views.dockerContexts,vscode-docker.views.help in workbench.view.extension.dockerView
2024-03-27 10:12:50.275 [info] Added views:workbench.debug.variablesView,workbench.debug.watchExpressionsView,workbench.debug.callStackView,workbench.debug.breakPointsView in workbench.view.debug
2024-03-27 10:12:50.429 [info] Added views:~remote.forwardedPorts in ~remote.forwardedPortsContainer
2024-03-27 10:12:50.797 [info] Added views:workbench.panel.repl.view in workbench.panel.repl
2024-03-27 10:12:50.802 [info] Removed views:workbench.debug.breakPointsView,workbench.debug.callStackView,workbench.debug.watchExpressionsView,workbench.debug.variablesView from workbench.view.debug
2024-03-27 10:12:50.803 [info] Added views:workbench.debug.welcome in workbench.view.debug
